<?xml version="1.0" encoding="UTF-8"?>
<robot generator="Robot 3.1.2 (Python 3.8.0 on win32)" generated="20200305 12:06:56.414" rpa="false">
<suite id="s1" name="DemoWebShop RobotProject" source="C:\Users\Beauty\eclipse-workspace\DemoWebShop_RobotProject">
<suite id="s1-s1" name="Test" source="C:\Users\Beauty\eclipse-workspace\DemoWebShop_RobotProject\Test">
<suite id="s1-s1-s1" name="Smoke TestSuite" source="C:\Users\Beauty\eclipse-workspace\DemoWebShop_RobotProject\Test\Smoke_TestSuite.robot">
<test id="s1-s1-s1-t1" name="MyFirstTest">
<kw name="Log" library="BuiltIn">
<doc>Logs the given message with the given level.</doc>
<arguments>
<arg>Hello world</arg>
</arguments>
<msg timestamp="20200305 12:07:00.197" level="INFO">Hello world</msg>
<status status="PASS" starttime="20200305 12:07:00.169" endtime="20200305 12:07:00.197"></status>
</kw>
<status status="PASS" starttime="20200305 12:07:00.168" endtime="20200305 12:07:00.198" critical="yes"></status>
</test>
<test id="s1-s1-s1-t2" name="MySecondTest">
<kw name="Log" library="BuiltIn">
<doc>Logs the given message with the given level.</doc>
<arguments>
<arg>Hello Mohit</arg>
</arguments>
<msg timestamp="20200305 12:07:00.201" level="INFO">Hello Mohit</msg>
<status status="PASS" starttime="20200305 12:07:00.201" endtime="20200305 12:07:00.202"></status>
</kw>
<status status="PASS" starttime="20200305 12:07:00.199" endtime="20200305 12:07:00.202" critical="yes"></status>
</test>
<test id="s1-s1-s1-t3" name="MyThirdTest">
<kw name="Open Browser" library="SeleniumLibrary">
<doc>Opens a new browser instance to the optional ``url``.</doc>
<arguments>
<arg>https://erail.in/</arg>
<arg>chrome</arg>
</arguments>
<msg timestamp="20200305 12:07:00.206" level="INFO">Opening browser 'chrome' to base url 'https://erail.in/'.</msg>
<status status="PASS" starttime="20200305 12:07:00.205" endtime="20200305 12:07:35.865"></status>
</kw>
<kw name="Maximize Browser Window" library="SeleniumLibrary">
<doc>Maximizes current browser window.</doc>
<status status="PASS" starttime="20200305 12:07:35.866" endtime="20200305 12:07:40.016"></status>
</kw>
<kw name="Sleep" library="BuiltIn">
<doc>Pauses the test executed for the given time.</doc>
<arguments>
<arg>10</arg>
</arguments>
<msg timestamp="20200305 12:07:50.044" level="INFO">Slept 10 seconds</msg>
<status status="PASS" starttime="20200305 12:07:40.017" endtime="20200305 12:07:50.046"></status>
</kw>
<kw name="Close Browser" library="SeleniumLibrary">
<doc>Closes the current browser.</doc>
<status status="PASS" starttime="20200305 12:07:50.048" endtime="20200305 12:07:52.935"></status>
</kw>
<status status="PASS" starttime="20200305 12:07:00.204" endtime="20200305 12:07:52.936" critical="yes"></status>
</test>
<status status="PASS" starttime="20200305 12:06:56.985" endtime="20200305 12:07:52.938"></status>
</suite>
<status status="PASS" starttime="20200305 12:06:56.979" endtime="20200305 12:07:52.947"></status>
</suite>
<status status="PASS" starttime="20200305 12:06:56.886" endtime="20200305 12:07:52.953"></status>
</suite>
<statistics>
<total>
<stat pass="3" fail="0">Critical Tests</stat>
<stat pass="3" fail="0">All Tests</stat>
</total>
<tag>
</tag>
<suite>
<stat pass="3" fail="0" id="s1" name="DemoWebShop RobotProject">DemoWebShop RobotProject</stat>
<stat pass="3" fail="0" id="s1-s1" name="Test">DemoWebShop RobotProject.Test</stat>
<stat pass="3" fail="0" id="s1-s1-s1" name="Smoke TestSuite">DemoWebShop RobotProject.Test.Smoke TestSuite</stat>
</suite>
</statistics>
<errors>
</errors>
</robot>
